#
# There is insufficient memory for the Java Runtime Environment to continue.
# Native memory allocation (mmap) failed to map 201326592 bytes for G1 virtual space
# Possible reasons:
#   The system is out of physical RAM or swap space
#   The process is running with CompressedOops enabled, and the Java Heap may be blocking the growth of the native heap
# Possible solutions:
#   Reduce memory load on the system
#   Increase physical memory or swap space
#   Check if swap backing store is full
#   Decrease Java heap size (-Xmx/-Xms)
#   Decrease number of Java threads
#   Decrease Java thread stack sizes (-Xss)
#   Set larger code cache with -XX:ReservedCodeCacheSize=
#   JVM is running with Zero Based Compressed Oops mode in which the Java heap is
#     placed in the first 32GB address space. The Java Heap base address is the
#     maximum limit for the native heap growth. Please use -XX:HeapBaseMinAddress
#     to set the Java Heap base and to place the Java Heap above 32GB virtual address.
# This output file may be truncated or incomplete.
#
#  Out of Memory Error (os_windows.cpp:3528), pid=10572, tid=12436
#
# JRE version:  (20.0.1+9) (build )
# Java VM: Java HotSpot(TM) 64-Bit Server VM (20.0.1+9-29, mixed mode, sharing, tiered, compressed oops, compressed class ptrs, g1 gc, windows-amd64)
# No core dump will be written. Minidumps are not enabled by default on client versions of Windows
#

---------------  S U M M A R Y ------------

Command Line: -Dfile.encoding=UTF-8 --module-path=D:\CSE\Java project\Quiz_project\build\classes quiz_project.Quiz_Mechanism

Host: Intel(R) Core(TM) i3-5010U CPU @ 2.10GHz, 4 cores, 11G,  Windows 10 , 64 bit Build 19041 (10.0.19041.3155)
Time: Sat Sep  9 19:17:00 2023 Bangladesh Standard Time elapsed time: 0.020468 seconds (0d 0h 0m 0s)

---------------  T H R E A D  ---------------

Current thread (0x000002298384af20):  JavaThread "Unknown thread" [_thread_in_vm, id=12436, stack(0x0000008576700000,0x0000008576800000)]

Stack: [0x0000008576700000,0x0000008576800000]
Native frames: (J=compiled Java code, j=interpreted, Vv=VM code, C=native code)
V  [jvm.dll+0x6bb95a]
V  [jvm.dll+0x8485fa]
V  [jvm.dll+0x84a1f5]
V  [jvm.dll+0x84a8f3]
V  [jvm.dll+0x280b0f]
V  [jvm.dll+0x6b86e9]
V  [jvm.dll+0x6ad2da]
V  [jvm.dll+0x35adf5]
V  [jvm.dll+0x363016]
V  [jvm.dll+0x3b3b3e]
V  [jvm.dll+0x3b3dc5]
V  [jvm.dll+0x32b50a]
V  [jvm.dll+0x32c32b]
V  [jvm.dll+0x8112bf]
V  [jvm.dll+0x3c0d91]
V  [jvm.dll+0x7fcfe3]
V  [jvm.dll+0x44c76f]
V  [jvm.dll+0x44e0e1]
C  [jli.dll+0x5287]
C  [ucrtbase.dll+0x21bb2]
C  [KERNEL32.DLL+0x17614]
C  [ntdll.dll+0x526b1]


---------------  P R O C E S S  ---------------

Threads class SMR info:
_java_thread_list=0x00007ffda762a098, length=0, elements={
}

Java Threads: ( => current thread )

Other Threads:
  0x00000229838a7b30 WorkerThread "GC Thread#0" [stack: 0x0000008576800000,0x0000008576900000] [id=19972]
  0x00000229838b59d0 ConcurrentGCThread "G1 Main Marker" [stack: 0x0000008576900000,0x0000008576a00000] [id=5620]
  0x00000229838b7ac0 WorkerThread "G1 Conc#0" [stack: 0x0000008576a00000,0x0000008576b00000] [id=19920]

[error occurred during error reporting (printing all threads), id 0xc0000005, EXCEPTION_ACCESS_VIOLATION (0xc0000005) at pc=0x00007ffda6e0eb47]
VM state: not at safepoint (not fully initialized)

VM Mutex/Monitor currently owned by a thread:  ([mutex/lock_event])
[0x00000229838451b0] Heap_lock - owner thread: 0x000002298384af20

Heap address: 0x0000000741200000, size: 3054 MB, Compressed Oops mode: Zero based, Oop shift amount: 3

CDS archive(s) mapped at: [0x0000000000000000-0x0000000000000000-0x0000000000000000), size 0, SharedBaseAddress: 0x0000000800000000, ArchiveRelocationMode: 0.
Narrow klass base: 0x0000000000000000, Narrow klass shift: 0, Narrow klass range: 0x0

GC Precious Log:
 CardTable entry size: 512
 Card Set container configuration: InlinePtr #cards 4 size 8 Array Of Cards #cards 16 size 48 Howl #buckets 8 coarsen threshold 3686 Howl Bitmap #cards 512 size 80 coarsen threshold 460 Card regions per heap region 1 cards per card region 4096

Heap:
 garbage-first heap   total 0K, used 0K [0x0000000741200000, 0x0000000800000000)
  region size 2048K, 0 young (0K), 0 survivors (0K)

[error occurred during error reporting (printing heap information), id 0xc0000005, EXCEPTION_ACCESS_VIOLATION (0xc0000005) at pc=0x00007ffda71e3c59]
GC Heap History (0 events):
No events

Dll operation events (1 events):
Event: 0.014 Loaded shared library C:\Program Files\Java\jdk-20\bin\java.dll

Deoptimization events (0 events):
No events

Classes loaded (0 events):
No events

Classes unloaded (0 events):
No events

Classes redefined (0 events):
No events

Internal exceptions (0 events):
No events

VM Operations (0 events):
No events

Events (0 events):
No events


Dynamic libraries:
0x00007ff731cb0000 - 0x00007ff731cc0000 	C:\Program Files\Java\jdk-20\bin\java.exe
0x00007ffe2a8f0000 - 0x00007ffe2aae8000 	C:\Windows\SYSTEM32\ntdll.dll
0x00007ffe29ab0000 - 0x00007ffe29b6f000 	C:\Windows\System32\KERNEL32.DLL
0x00007ffe283b0000 - 0x00007ffe286a6000 	C:\Windows\System32\KERNELBASE.dll
0x00007ffe28060000 - 0x00007ffe28160000 	C:\Windows\System32\ucrtbase.dll
0x00007ffe22870000 - 0x00007ffe2288b000 	C:\Program Files\Java\jdk-20\bin\VCRUNTIME140.dll
0x00007ffe206a0000 - 0x00007ffe206b9000 	C:\Program Files\Java\jdk-20\bin\jli.dll
0x00007ffe2a170000 - 0x00007ffe2a21f000 	C:\Windows\System32\ADVAPI32.dll
0x00007ffe29260000 - 0x00007ffe292fe000 	C:\Windows\System32\msvcrt.dll
0x00007ffe296a0000 - 0x00007ffe2973c000 	C:\Windows\System32\sechost.dll
0x00007ffe2a2a0000 - 0x00007ffe2a3c6000 	C:\Windows\System32\RPCRT4.dll
0x00007ffe290c0000 - 0x00007ffe2925d000 	C:\Windows\System32\USER32.dll
0x00007ffe288b0000 - 0x00007ffe288d2000 	C:\Windows\System32\win32u.dll
0x00007ffe29dc0000 - 0x00007ffe29dec000 	C:\Windows\System32\GDI32.dll
0x00007ffe28790000 - 0x00007ffe288a5000 	C:\Windows\System32\gdi32full.dll
0x00007ffe281b0000 - 0x00007ffe2824d000 	C:\Windows\System32\msvcp_win.dll
0x00007ffe17e90000 - 0x00007ffe1812a000 	C:\Windows\WinSxS\amd64_microsoft.windows.common-controls_6595b64144ccf1df_6.0.19041.1110_none_60b5254171f9507e\COMCTL32.dll
0x00007ffe1ef00000 - 0x00007ffe1ef0a000 	C:\Windows\SYSTEM32\VERSION.dll
0x00007ffe294d0000 - 0x00007ffe29500000 	C:\Windows\System32\IMM32.DLL
0x00007ffe24c60000 - 0x00007ffe24c6c000 	C:\Program Files\Java\jdk-20\bin\vcruntime140_1.dll
0x00007ffdcc210000 - 0x00007ffdcc29e000 	C:\Program Files\Java\jdk-20\bin\msvcp140.dll
0x00007ffda6ad0000 - 0x00007ffda7767000 	C:\Program Files\Java\jdk-20\bin\server\jvm.dll
0x00007ffe18ad0000 - 0x00007ffe18af7000 	C:\Windows\SYSTEM32\WINMM.dll
0x00007ffe224b0000 - 0x00007ffe224b9000 	C:\Windows\SYSTEM32\WSOCK32.dll
0x00007ffe2a840000 - 0x00007ffe2a8ab000 	C:\Windows\System32\WS2_32.dll
0x00007ffe25e70000 - 0x00007ffe25e82000 	C:\Windows\SYSTEM32\kernel.appcore.dll
0x00007ffe22860000 - 0x00007ffe2286a000 	C:\Program Files\Java\jdk-20\bin\jimage.dll
0x00007ffe15b00000 - 0x00007ffe15ce4000 	C:\Windows\SYSTEM32\DBGHELP.DLL
0x00007ffe16210000 - 0x00007ffe16244000 	C:\Windows\SYSTEM32\dbgcore.DLL
0x00007ffe27fd0000 - 0x00007ffe28052000 	C:\Windows\System32\bcryptPrimitives.dll
0x00007ffe0f4e0000 - 0x00007ffe0f506000 	C:\Program Files\Java\jdk-20\bin\java.dll

dbghelp: loaded successfully - version: 4.0.5 - missing functions: none
symbol engine: initialized successfully - sym options: 0x614 - pdb path: .;C:\Program Files\Java\jdk-20\bin;C:\Windows\SYSTEM32;C:\Windows\WinSxS\amd64_microsoft.windows.common-controls_6595b64144ccf1df_6.0.19041.1110_none_60b5254171f9507e;C:\Program Files\Java\jdk-20\bin\server

VM Arguments:
jvm_args: -Dfile.encoding=UTF-8 --module-path=D:\CSE\Java project\Quiz_project\build\classes 
java_command: quiz_project.Quiz_Mechanism
java_class_path (initial): D:\CSE\Java project\Quiz_project\build\classes
Launcher Type: SUN_STANDARD

[Global flags]
     intx CICompilerCount                          = 3                                         {product} {ergonomic}
     uint ConcGCThreads                            = 1                                         {product} {ergonomic}
     uint G1ConcRefinementThreads                  = 4                                         {product} {ergonomic}
   size_t G1HeapRegionSize                         = 2097152                                   {product} {ergonomic}
    uintx GCDrainStackTargetSize                   = 64                                        {product} {ergonomic}
   size_t InitialHeapSize                          = 201326592                                 {product} {ergonomic}
   size_t MarkStackSize                            = 4194304                                   {product} {ergonomic}
   size_t MaxHeapSize                              = 3202351104                                {product} {ergonomic}
   size_t MinHeapDeltaBytes                        = 2097152                                   {product} {ergonomic}
   size_t MinHeapSize                              = 8388608                                   {product} {ergonomic}
    uintx NonNMethodCodeHeapSize                   = 5832780                                {pd product} {ergonomic}
    uintx NonProfiledCodeHeapSize                  = 122912730                              {pd product} {ergonomic}
    uintx ProfiledCodeHeapSize                     = 122912730                              {pd product} {ergonomic}
    uintx ReservedCodeCacheSize                    = 251658240                              {pd product} {ergonomic}
     bool SegmentedCodeCache                       = true                                      {product} {ergonomic}
   size_t SoftMaxHeapSize                          = 3202351104                             {manageable} {ergonomic}
     bool UseCompressedClassPointers               = true                           {product lp64_product} {ergonomic}
     bool UseCompressedOops                        = true                           {product lp64_product} {ergonomic}
     bool UseG1GC                                  = true                                      {product} {ergonomic}
     bool UseLargePagesIndividualAllocation        = false                                  {pd product} {ergonomic}

Logging:
Log output configuration:
 #0: stdout all=warning uptime,level,tags foldmultilines=false
 #1: stderr all=off uptime,level,tags foldmultilines=false

Environment Variables:
PATH=C:\Program Files\Common Files\Oracle\Java\javapath;C:\Windows\system32;C:\Windows;C:\Windows\System32\Wbem;C:\Windows\System32\WindowsPowerShell\v1.0\;C:\Windows\System32\OpenSSH\;C:\MinGW\bin;C:\Program Files\Git\cmd;C:\Users\shakr\AppData\Local\Programs\Python\Python311\Scripts\;C:\Users\shakr\AppData\Local\Programs\Python\Python311\;C:\Users\shakr\AppData\Local\Microsoft\WindowsApps;C:\Program Files\CodeBlocks\MinGW\bin;C:\Users\shakr\AppData\Local\Programs\Microsoft VS Code\bin;C:\Program Files\JetBrains\PyCharm Community Edition 2023.1.4\bin;
USERNAME=shakr
OS=Windows_NT
PROCESSOR_IDENTIFIER=Intel64 Family 6 Model 61 Stepping 4, GenuineIntel
TMP=C:\Users\shakr\AppData\Local\Temp
TEMP=C:\Users\shakr\AppData\Local\Temp




---------------  S Y S T E M  ---------------

OS:
 Windows 10 , 64 bit Build 19041 (10.0.19041.3155)
OS uptime: 2 days 12:34 hours

CPU: total 4 (initial active 4) (2 cores per cpu, 2 threads per core) family 6 model 61 stepping 4 microcode 0x2d, cx8, cmov, fxsr, ht, mmx, 3dnowpref, sse, sse2, sse3, ssse3, sse4.1, sse4.2, popcnt, lzcnt, tsc, tscinvbit, avx, avx2, aes, erms, clmul, bmi1, bmi2, adx, fma, vzeroupper, clflush, rdtscp, f16c

Memory: 4k page, system-wide physical 12210M (5097M free)
TotalPageFile size 24635M (AvailPageFile size 175M)
current process WorkingSet (physical memory assigned to process): 10M, peak: 10M
current process commit charge ("private bytes"): 51M, peak: 243M

vm_info: Java HotSpot(TM) 64-Bit Server VM (20.0.1+9-29) for windows-amd64 JRE (20.0.1+9-29), built on 2023-03-07T13:56:11Z by "mach5one" with MS VC++ 17.1 (VS2022)

END.
